#
# A fatal error has been detected by the Java Runtime Environment:
#
#  SIGSEGV (0xb) at pc=0x01306c3b, pid=2617, tid=2345663344
#
# JRE version: 6.0_18-b18
# Java VM: OpenJDK Server VM (16.0-b13 mixed mode linux-x86 )
# Derivative: IcedTea6 1.8.2
# Distribution: Ubuntu 10.04.1 LTS, package 6b18-1.8.2-4ubuntu2
# Problematic frame:
# V  [libjvm.so+0x454c3b]
#
# If you would like to submit a bug report, please include
# instructions how to reproduce the bug and visit:
#   https://bugs.launchpad.net/ubuntu/+source/openjdk-6/
#

---------------  T H R E A D  ---------------

Current thread (0x09728800):  JavaThread "CompilerThread1" daemon [_thread_in_native, id=2628, stack(0x8bc7f000,0x8bd00000)]

siginfo:si_signo=SIGSEGV: si_errno=0, si_code=1 (SEGV_MAPERR), si_addr=0x00000004

Registers:
EAX=0x00000000, EBX=0x01557ff4, ECX=0x00001200, EDX=0x8b208030
ESP=0x8bcfdba0, EBP=0x8bcfdbe8, ESI=0x8bcfe494, EDI=0x09e25280
EIP=0x01306c3b, CR2=0x00000004, EFLAGS=0x00210217

Top of Stack: (sp=0x8bcfdba0)
0x8bcfdba0:   00000400 002510bb 01557ff4 00002000
0x8bcfdbb0:   8b3a89e8 00000000 00000400 8bcfe4a4
0x8bcfdbc0:   8ba9970c 00cfdc1f 8baf6264 0000124e
0x8bcfdbd0:   8bcfe494 09e25280 8bcfdc78 01557ff4
0x8bcfdbe0:   8b21b74c 8a4013b8 8bcfdc68 013071cf
0x8bcfdbf0:   8bcfe494 8b21b74c 00000000 8a4013b8
0x8bcfdc00:   00000010 002510bb 01557ff4 00000002
0x8bcfdc10:   8b600030 00000000 00007ff0 00008000 

Instructions: (pc=0x01306c3b)
0x01306c2b:   50 1c 89 45 e0 8b 86 c8 02 00 00 8d 14 90 8b 02
0x01306c3b:   8b 48 04 8b 39 85 ff 75 1f 8b 7e 14 90 8b 48 1c 

Stack: [0x8bc7f000,0x8bd00000],  sp=0x8bcfdba0,  free space=1fa8bcfd544k
Native frames: (J=compiled Java code, j=interpreted, Vv=VM code, C=native code)
V  [libjvm.so+0x454c3b]
V  [libjvm.so+0x4551cf]
V  [libjvm.so+0x45854a]
V  [libjvm.so+0x21ef81]
V  [libjvm.so+0x2219d6]
V  [libjvm.so+0x1b528b]
V  [libjvm.so+0x225281]
V  [libjvm.so+0x2259b7]
V  [libjvm.so+0x5aec38]
V  [libjvm.so+0x5b3bec]
V  [libjvm.so+0x5b3caa]
V  [libjvm.so+0x4ccc91]
C  [libpthread.so.0+0x596e]


Current CompileTask:
C2:1209      jregex.Pretokenizer.next()V (1064 bytes)


---------------  P R O C E S S  ---------------

Java Threads: ( => current thread )
  0x099d0000 JavaThread "NioProcessor-1" [_thread_in_native, id=3566, stack(0x8b75e000,0x8b7af000)]
  0x09822c00 JavaThread "pool-3-thread-1" [_thread_in_Java, id=2639, stack(0x8b70d000,0x8b75e000)]
  0x0965a800 JavaThread "DestroyJavaVM" [_thread_blocked, id=2618, stack(0xb7839000,0xb788a000)]
  0x09a2dc00 JavaThread "NioSocketAcceptor-1" [_thread_in_native, id=2632, stack(0x8b7af000,0x8b800000)]
  0x0998ac00 JavaThread "NioSocketAcceptor-1-idleStatusChecker" [_thread_blocked, id=2631, stack(0x8b91b000,0x8b96c000)]
  0x0972a400 JavaThread "Low Memory Detector" daemon [_thread_blocked, id=2629, stack(0x8be21000,0x8be72000)]
=>0x09728800 JavaThread "CompilerThread1" daemon [_thread_in_native, id=2628, stack(0x8bc7f000,0x8bd00000)]
  0x09726800 JavaThread "CompilerThread0" daemon [_thread_in_native, id=2627, stack(0x8be72000,0x8bef3000)]
  0x0971b000 JavaThread "JDWP Event Helper Thread" daemon [_thread_blocked, id=2626, stack(0x8bef3000,0x8bf44000)]
  0x09718800 JavaThread "JDWP Transport Listener: dt_socket" daemon [_thread_in_native, id=2625, stack(0x8bf44000,0x8bf95000)]
  0x096f6c00 JavaThread "Signal Dispatcher" daemon [_thread_blocked, id=2624, stack(0x8bfa9000,0x8bffa000)]
  0x096e6c00 JavaThread "Finalizer" daemon [_thread_blocked, id=2623, stack(0x8bffa000,0x8c04b000)]
  0x096e2000 JavaThread "Reference Handler" daemon [_thread_blocked, id=2622, stack(0x8c04b000,0x8c09c000)]

Other Threads:
  0x096df400 VMThread [stack: 0x8c09c000,0x8c11d000] [id=2621]
  0x0972c800 WatcherThread [stack: 0x8bbfe000,0x8bc7f000] [id=2630]

VM state:not at safepoint (normal execution)

VM Mutex/Monitor currently owned by a thread: None

Heap
 PSYoungGen      total 47488K, used 36669K [0xa9b70000, 0xad130000, 0xb4610000)
  eden space 46272K, 76% used [0xa9b70000,0xabe16200,0xac8a0000)
  from space 1216K, 97% used [0xad000000,0xad129420,0xad130000)
  to   space 1856K, 0% used [0xacd90000,0xacd90000,0xacf60000)
 PSOldGen        total 18240K, used 13015K [0x94610000, 0x957e0000, 0xa9b70000)
  object space 18240K, 71% used [0x94610000,0x952c5d50,0x957e0000)
 PSPermGen       total 44544K, used 23037K [0x8c610000, 0x8f190000, 0x94610000)
  object space 44544K, 51% used [0x8c610000,0x8dc8f7d8,0x8f190000)

Dynamic libraries:
00110000-00111000 r-xp 00000000 00:00 0          [vdso]
00111000-00135000 r-xp 00000000 08:05 4274       /lib/tls/i686/cmov/libm-2.11.1.so
00135000-00136000 r--p 00023000 08:05 4274       /lib/tls/i686/cmov/libm-2.11.1.so
00136000-00137000 rw-p 00024000 08:05 4274       /lib/tls/i686/cmov/libm-2.11.1.so
00142000-00295000 r-xp 00000000 08:05 4264       /lib/tls/i686/cmov/libc-2.11.1.so
00295000-00296000 ---p 00153000 08:05 4264       /lib/tls/i686/cmov/libc-2.11.1.so
00296000-00298000 r--p 00153000 08:05 4264       /lib/tls/i686/cmov/libc-2.11.1.so
00298000-00299000 rw-p 00155000 08:05 4264       /lib/tls/i686/cmov/libc-2.11.1.so
00299000-0029c000 rw-p 00000000 00:00 0 
0029e000-002b3000 r-xp 00000000 08:05 4335       /lib/tls/i686/cmov/libpthread-2.11.1.so
002b3000-002b4000 r--p 00014000 08:05 4335       /lib/tls/i686/cmov/libpthread-2.11.1.so
002b4000-002b5000 rw-p 00015000 08:05 4335       /lib/tls/i686/cmov/libpthread-2.11.1.so
002b5000-002b7000 rw-p 00000000 00:00 0 
002b7000-002ca000 r-xp 00000000 08:05 4286       /lib/tls/i686/cmov/libnsl-2.11.1.so
002ca000-002cb000 r--p 00012000 08:05 4286       /lib/tls/i686/cmov/libnsl-2.11.1.so
002cb000-002cc000 rw-p 00013000 08:05 4286       /lib/tls/i686/cmov/libnsl-2.11.1.so
002cc000-002ce000 rw-p 00000000 00:00 0 
002ce000-002d8000 r-xp 00000000 08:05 4302       /lib/tls/i686/cmov/libnss_files-2.11.1.so
002d8000-002d9000 r--p 00009000 08:05 4302       /lib/tls/i686/cmov/libnss_files-2.11.1.so
002d9000-002da000 rw-p 0000a000 08:05 4302       /lib/tls/i686/cmov/libnss_files-2.11.1.so
002da000-002ee000 r-xp 00000000 08:05 5570       /usr/lib/jvm/java-6-openjdk/jre/lib/i386/libnet.so
002ee000-002ef000 r--p 00013000 08:05 5570       /usr/lib/jvm/java-6-openjdk/jre/lib/i386/libnet.so
002ef000-002f0000 rw-p 00014000 08:05 5570       /usr/lib/jvm/java-6-openjdk/jre/lib/i386/libnet.so
0038e000-00391000 r-xp 00000000 08:05 655415     /usr/lib/jvm/java-6-openjdk/jre/lib/i386/jli/libjli.so
00391000-00392000 r--p 00003000 08:05 655415     /usr/lib/jvm/java-6-openjdk/jre/lib/i386/jli/libjli.so
00392000-00393000 rw-p 00004000 08:05 655415     /usr/lib/jvm/java-6-openjdk/jre/lib/i386/jli/libjli.so
003c2000-003ce000 r-xp 00000000 08:05 5576       /usr/lib/jvm/java-6-openjdk/jre/lib/i386/libverify.so
003ce000-003cf000 r--p 0000b000 08:05 5576       /usr/lib/jvm/java-6-openjdk/jre/lib/i386/libverify.so
003cf000-003d0000 rw-p 0000c000 08:05 5576       /usr/lib/jvm/java-6-openjdk/jre/lib/i386/libverify.so
004e8000-0051e000 r-xp 00000000 08:05 5563       /usr/lib/jvm/java-6-openjdk/jre/lib/i386/libjdwp.so
0051e000-0051f000 r--p 00036000 08:05 5563       /usr/lib/jvm/java-6-openjdk/jre/lib/i386/libjdwp.so
0051f000-00520000 rw-p 00037000 08:05 5563       /usr/lib/jvm/java-6-openjdk/jre/lib/i386/libjdwp.so
006f8000-0071c000 r-xp 00000000 08:05 5036       /usr/lib/jvm/java-6-openjdk/jre/lib/i386/libjava.so
0071c000-0071d000 r--p 00023000 08:05 5036       /usr/lib/jvm/java-6-openjdk/jre/lib/i386/libjava.so
0071d000-0071f000 rw-p 00024000 08:05 5036       /usr/lib/jvm/java-6-openjdk/jre/lib/i386/libjava.so
00858000-0085e000 r-xp 00000000 08:05 4290       /lib/tls/i686/cmov/libnss_compat-2.11.1.so
0085e000-0085f000 r--p 00006000 08:05 4290       /lib/tls/i686/cmov/libnss_compat-2.11.1.so
0085f000-00860000 rw-p 00007000 08:05 4290       /lib/tls/i686/cmov/libnss_compat-2.11.1.so
009a6000-009af000 r-xp 00000000 08:05 4571       /usr/lib/jvm/java-6-openjdk/jre/lib/i386/libinstrument.so
009af000-009b0000 r--p 00008000 08:05 4571       /usr/lib/jvm/java-6-openjdk/jre/lib/i386/libinstrument.so
009b0000-009b1000 rw-p 00009000 08:05 4571       /usr/lib/jvm/java-6-openjdk/jre/lib/i386/libinstrument.so
009be000-009c1000 r-xp 00000000 08:05 4517       /usr/lib/jvm/java-6-openjdk/jre/lib/i386/libdt_socket.so
009c1000-009c2000 r--p 00002000 08:05 4517       /usr/lib/jvm/java-6-openjdk/jre/lib/i386/libdt_socket.so
009c2000-009c3000 rw-p 00003000 08:05 4517       /usr/lib/jvm/java-6-openjdk/jre/lib/i386/libdt_socket.so
00a9f000-00aa6000 r-xp 00000000 08:05 5571       /usr/lib/jvm/java-6-openjdk/jre/lib/i386/libnio.so
00aa6000-00aa7000 r--p 00006000 08:05 5571       /usr/lib/jvm/java-6-openjdk/jre/lib/i386/libnio.so
00aa7000-00aa8000 rw-p 00007000 08:05 5571       /usr/lib/jvm/java-6-openjdk/jre/lib/i386/libnio.so
00ae9000-00afc000 r-xp 00000000 08:05 1966       /lib/libz.so.1.2.3.3
00afc000-00afd000 r--p 00012000 08:05 1966       /lib/libz.so.1.2.3.3
00afd000-00afe000 rw-p 00013000 08:05 1966       /lib/libz.so.1.2.3.3
00b41000-00b44000 r-xp 00000000 08:05 5572       /usr/lib/jvm/java-6-openjdk/jre/lib/i386/libnpt.so
00b44000-00b45000 r--p 00002000 08:05 5572       /usr/lib/jvm/java-6-openjdk/jre/lib/i386/libnpt.so
00b45000-00b46000 rw-p 00003000 08:05 5572       /usr/lib/jvm/java-6-openjdk/jre/lib/i386/libnpt.so
00bf0000-00bf7000 r-xp 00000000 08:05 5577       /usr/lib/jvm/java-6-openjdk/jre/lib/i386/libzip.so
00bf7000-00bf8000 r--p 00006000 08:05 5577       /usr/lib/jvm/java-6-openjdk/jre/lib/i386/libzip.so
00bf8000-00bf9000 rw-p 00007000 08:05 5577       /usr/lib/jvm/java-6-openjdk/jre/lib/i386/libzip.so
00bff000-00c1a000 r-xp 00000000 08:05 1081       /lib/ld-2.11.1.so
00c1a000-00c1b000 r--p 0001a000 08:05 1081       /lib/ld-2.11.1.so
00c1b000-00c1c000 rw-p 0001b000 08:05 1081       /lib/ld-2.11.1.so
00dfc000-00e03000 r-xp 00000000 08:05 4340       /lib/tls/i686/cmov/librt-2.11.1.so
00e03000-00e04000 r--p 00006000 08:05 4340       /lib/tls/i686/cmov/librt-2.11.1.so
00e04000-00e05000 rw-p 00007000 08:05 4340       /lib/tls/i686/cmov/librt-2.11.1.so
00e11000-00e19000 r-xp 00000000 08:05 4322       /lib/tls/i686/cmov/libnss_nis-2.11.1.so
00e19000-00e1a000 r--p 00007000 08:05 4322       /lib/tls/i686/cmov/libnss_nis-2.11.1.so
00e1a000-00e1b000 rw-p 00008000 08:05 4322       /lib/tls/i686/cmov/libnss_nis-2.11.1.so
00e3b000-00e42000 r-xp 00000000 08:05 655416     /usr/lib/jvm/java-6-openjdk/jre/lib/i386/native_threads/libhpi.so
00e42000-00e43000 r--p 00006000 08:05 655416     /usr/lib/jvm/java-6-openjdk/jre/lib/i386/native_threads/libhpi.so
00e43000-00e44000 rw-p 00007000 08:05 655416     /usr/lib/jvm/java-6-openjdk/jre/lib/i386/native_threads/libhpi.so
00eae000-00eb0000 r-xp 00000000 08:05 4272       /lib/tls/i686/cmov/libdl-2.11.1.so
00eb0000-00eb1000 r--p 00001000 08:05 4272       /lib/tls/i686/cmov/libdl-2.11.1.so
00eb1000-00eb2000 rw-p 00002000 08:05 4272       /lib/tls/i686/cmov/libdl-2.11.1.so
00eb2000-01514000 r-xp 00000000 08:05 655418     /usr/lib/jvm/java-6-openjdk/jre/lib/i386/server/libjvm.so
01514000-01558000 r--p 00661000 08:05 655418     /usr/lib/jvm/java-6-openjdk/jre/lib/i386/server/libjvm.so
01558000-01567000 rw-p 006a5000 08:05 655418     /usr/lib/jvm/java-6-openjdk/jre/lib/i386/server/libjvm.so
01567000-01985000 rw-p 00000000 00:00 0 
08048000-08051000 r-xp 00000000 08:05 655450     /usr/lib/jvm/java-6-openjdk/jre/bin/java
08051000-08052000 r--p 00008000 08:05 655450     /usr/lib/jvm/java-6-openjdk/jre/bin/java
08052000-08053000 rw-p 00009000 08:05 655450     /usr/lib/jvm/java-6-openjdk/jre/bin/java
0964d000-0a5f7000 rw-p 00000000 00:00 0          [heap]
89000000-89200000 rw-p 00000000 00:00 0 
89200000-89400000 rw-p 00000000 00:00 0 
89400000-894ff000 rw-p 00000000 00:00 0 
894ff000-89500000 ---p 00000000 00:00 0 
89700000-898d8000 rw-p 00000000 00:00 0 
898d8000-89900000 ---p 00000000 00:00 0 
89900000-899fa000 rw-p 00000000 00:00 0 
899fa000-89a00000 ---p 00000000 00:00 0 
89b00000-89bfd000 rw-p 00000000 00:00 0 
89bfd000-89c00000 ---p 00000000 00:00 0 
89c00000-89c80000 rw-p 00000000 00:00 0 
89c80000-89d00000 ---p 00000000 00:00 0 
89d00000-89f00000 rw-p 00000000 00:00 0 
89f00000-8a100000 rw-p 00000000 00:00 0 
8a100000-8a1f6000 rw-p 00000000 00:00 0 
8a1f6000-8a200000 ---p 00000000 00:00 0 
8a200000-8a300000 rw-p 00000000 00:00 0 
8a300000-8a4fd000 rw-p 00000000 00:00 0 
8a4fd000-8a500000 ---p 00000000 00:00 0 
8a500000-8a600000 rw-p 00000000 00:00 0 
8a600000-8a6fd000 rw-p 00000000 00:00 0 
8a6fd000-8a700000 ---p 00000000 00:00 0 
8a700000-8a800000 rw-p 00000000 00:00 0 
8a800000-8a900000 rw-p 00000000 00:00 0 
8aa00000-8ab00000 rw-p 00000000 00:00 0 
8ac00000-8acfc000 rw-p 00000000 00:00 0 
8acfc000-8ad00000 ---p 00000000 00:00 0 
8ad00000-8ae00000 rw-p 00000000 00:00 0 
8ae00000-8aef6000 rw-p 00000000 00:00 0 
8aef6000-8af00000 ---p 00000000 00:00 0 
8af00000-8affa000 rw-p 00000000 00:00 0 
8affa000-8b000000 ---p 00000000 00:00 0 
8b000000-8b1ed000 rw-p 00000000 00:00 0 
8b1ed000-8b200000 ---p 00000000 00:00 0 
8b200000-8b2fa000 rw-p 00000000 00:00 0 
8b2fa000-8b300000 ---p 00000000 00:00 0 
8b300000-8b3fa000 rw-p 00000000 00:00 0 
8b3fa000-8b400000 ---p 00000000 00:00 0 
8b400000-8b4ff000 rw-p 00000000 00:00 0 
8b4ff000-8b500000 ---p 00000000 00:00 0 
8b600000-8b6fe000 rw-p 00000000 00:00 0 
8b6fe000-8b700000 ---p 00000000 00:00 0 
8b70d000-8b710000 ---p 00000000 00:00 0 
8b710000-8b75e000 rw-p 00000000 00:00 0 
8b75e000-8b761000 ---p 00000000 00:00 0 
8b761000-8b7af000 rw-p 00000000 00:00 0 
8b7af000-8b7b2000 ---p 00000000 00:00 0 
8b7b2000-8b800000 rw-p 00000000 00:00 0 
8b800000-8b8fe000 rw-p 00000000 00:00 0 
8b8fe000-8b900000 ---p 00000000 00:00 0 
8b91b000-8b91e000 ---p 00000000 00:00 0 
8b91e000-8b96c000 rw-p 00000000 00:00 0 
8b96c000-8b96f000 r--s 0000f000 08:05 659858     /home/simon/ese2010/play-1.0.3.2/framework/lib/provided-geronimo-servlet_2.5_spec-1.2.jar
8b96f000-8b977000 r--s 0008a000 08:05 659841     /home/simon/ese2010/play-1.0.3.2/framework/lib/javassist.jar
8b977000-8b97a000 r--s 00022000 08:05 659840     /home/simon/ese2010/play-1.0.3.2/framework/lib/jamon-2.7.jar
8b97a000-8b97f000 r--s 00040000 08:05 659833     /home/simon/ese2010/play-1.0.3.2/framework/lib/hibernate-annotations.jar
8b97f000-8b981000 r--s 00001000 08:05 659860     /home/simon/ese2010/play-1.0.3.2/framework/lib/slf4j-log4j12-1.5.0.jar
8b981000-8b987000 r--s 00024000 08:05 659814     /home/simon/ese2010/play-1.0.3.2/framework/lib/asyncweb-common-0.9.0-SNAPSHOT.jar
8b987000-8b98c000 r--s 00023000 08:05 659847     /home/simon/ese2010/play-1.0.3.2/framework/lib/junit-4.4.jar
8b98c000-8b98e000 r--s 00011000 08:05 659811     /home/simon/ese2010/play-1.0.3.2/framework/lib/ZDB.jar
8b98e000-8b993000 r--s 00037000 08:05 659852     /home/simon/ese2010/play-1.0.3.2/framework/lib/memcached-2.4.2.jar
8b993000-8b996000 r--s 0000d000 08:05 659836     /home/simon/ese2010/play-1.0.3.2/framework/lib/hibernate-validator.jar
8b996000-8b99b000 r--s 0002a000 08:05 659818     /home/simon/ese2010/play-1.0.3.2/framework/lib/commons-beanutils.jar
8b99b000-8b99d000 r--s 00017000 08:05 659810     /home/simon/ese2010/play-1.0.3.2/framework/lib/WikiText.jar
8b99d000-8b9a4000 r--s 000aa000 08:05 659854     /home/simon/ese2010/play-1.0.3.2/framework/lib/mysql-connector-java-5.1.8-bin.jar
8b9a4000-8b9b1000 r--s 0007c000 08:05 659820     /home/simon/ese2010/play-1.0.3.2/framework/lib/commons-collections-3.1.jar
8b9b1000-8ba00000 r--s 004b1000 08:05 659831     /home/simon/ese2010/play-1.0.3.2/framework/lib/groovy-all-1.7.1.jar
8ba00000-8bafa000 rw-p 00000000 00:00 0 
8bafa000-8bb00000 ---p 00000000 00:00 0 
8bb22000-8bb25000 r--s 00031000 08:05 5532       /usr/lib/jvm/java-6-openjdk/jre/lib/ext/sunjce_provider.jar
8bb25000-8bb27000 r--s 00013000 08:05 5551       /usr/lib/jvm/java-6-openjdk/jre/lib/jce.jar
8bb27000-8bb2e000 r--s 00102000 08:05 5556       /usr/lib/jvm/java-6-openjdk/jre/lib/resources.jar
8bb2e000-8bb34000 r--s 00049000 08:05 659817     /home/simon/ese2010/play-1.0.3.2/framework/lib/cglib-nodep-2.2.jar
8bb34000-8bb40000 r--s 0014c000 08:05 659826     /home/simon/ese2010/play-1.0.3.2/framework/lib/compiler-jdt.jar
8bb40000-8bb47000 r--s 00038000 08:05 659861     /home/simon/ese2010/play-1.0.3.2/framework/lib/wikitext.core_1.1.1.jar
8bb47000-8bb4a000 r--s 0001b000 08:05 659835     /home/simon/ese2010/play-1.0.3.2/framework/lib/hibernate-entitymanager.jar
8bb4a000-8bb4c000 r--s 00015000 08:05 659844     /home/simon/ese2010/play-1.0.3.2/framework/lib/jregex1.2_01.jar
8bb4c000-8bb70000 r--s 00473000 08:05 659838     /home/simon/ese2010/play-1.0.3.2/framework/lib/hibernate3.jar
8bb70000-8bb7b000 r--s 0008a000 08:05 659816     /home/simon/ese2010/play-1.0.3.2/framework/lib/c3p0-0.9.1.jar
8bb7b000-8bb7d000 r--s 0000a000 08:05 659819     /home/simon/ese2010/play-1.0.3.2/framework/lib/commons-codec.jar
8bb7d000-8bb80000 r--s 00018000 08:05 659823     /home/simon/ese2010/play-1.0.3.2/framework/lib/commons-io.jar
8bb80000-8bb86000 r--s 00041000 08:05 659855     /home/simon/ese2010/play-1.0.3.2/framework/lib/oval-1.31.jar
8bb86000-8bb8a000 r--s 00020000 08:05 659857     /home/simon/ese2010/play-1.0.3.2/framework/lib/play-imaging.jar
8bb8a000-8bb99000 r--s 00074000 08:05 659843     /home/simon/ese2010/play-1.0.3.2/framework/lib/joda-time-1.6.jar
8bb99000-8bb9f000 r--s 00067000 08:05 659813     /home/simon/ese2010/play-1.0.3.2/framework/lib/antlr-2.7.6.jar
8bb9f000-8bba1000 r--s 00001000 08:05 659846     /home/simon/ese2010/play-1.0.3.2/framework/lib/jta.jar
8bba1000-8bba3000 r--s 00003000 08:05 659859     /home/simon/ese2010/play-1.0.3.2/framework/lib/slf4j-api-1.5.0.jar
8bba3000-8bba9000 r--s 00055000 08:05 659851     /home/simon/ese2010/play-1.0.3.2/framework/lib/mail.jar
8bba9000-8bbab000 r--s 00012000 08:05 659849     /home/simon/ese2010/play-1.0.3.2/framework/lib/lucene-analyzers-2.3.1.jar
8bbab000-8bbac000 r--s 00015000 08:05 659856     /home/simon/ese2010/play-1.0.3.2/framework/lib/play-SimpleCaptcha.jar
8bbac000-8bbb1000 r--s 00040000 08:05 659822     /home/simon/ese2010/play-1.0.3.2/framework/lib/commons-httpclient.jar
8bbb1000-8bbb4000 r--s 0000e000 08:05 659834     /home/simon/ese2010/play-1.0.3.2/framework/lib/hibernate-commons-annotations.jar
8bbb4000-8bbba000 r--s 00032000 08:05 659842     /home/simon/ese2010/play-1.0.3.2/framework/lib/jaxen-1.1.jar
8bbba000-8bbbf000 r--s 0003c000 08:05 659828     /home/simon/ese2010/play-1.0.3.2/framework/lib/ehcache-1.5.0.jar
8bbbf000-8bbc1000 r--s 00001000 08:05 659845     /home/simon/ese2010/play-1.0.3.2/framework/lib/jsr107cache-1.0.jar
8bbc1000-8bbc3000 r--s 0000b000 08:05 659821     /home/simon/ese2010/play-1.0.3.2/framework/lib/commons-fileupload-1.2.jar
8bbc3000-8bbce000 r--s 00071000 08:05 659853     /home/simon/ese2010/play-1.0.3.2/framework/lib/mina-core-2.0.0-M2-SNAPSHOT.jar
8bbce000-8bbd2000 r--s 00023000 08:05 659832     /home/simon/ese2010/play-1.0.3.2/framework/lib/gson-1.3.jar
8bbd2000-8bbd5000 r--s 0000a000 08:05 659829     /home/simon/ese2010/play-1.0.3.2/framework/lib/ejb3-persistence.jar
8bbd5000-8bbd9000 r--s 0002f000 08:05 659824     /home/simon/ese2010/play-1.0.3.2/framework/lib/commons-lang.jar
8bbd9000-8bbe5000 r--s 00097000 08:05 659850     /home/simon/ese2010/play-1.0.3.2/framework/lib/lucene-core-2.3.1.jar
8bbe5000-8bbeb000 r--s 0002c000 08:05 659809     /home/simon/ese2010/play-1.0.3.2/framework/lib/SnakeYAML-1.2.jar
8bbeb000-8bbf1000 r--s 00056000 08:05 659837     /home/simon/ese2010/play-1.0.3.2/framework/lib/hibernate3-ast.jar
8bbf1000-8bbf9000 r--s 000a3000 08:05 659839     /home/simon/ese2010/play-1.0.3.2/framework/lib/hsqldb.jar
8bbf9000-8bbfe000 r--s 00048000 08:05 659827     /home/simon/ese2010/play-1.0.3.2/framework/lib/dom4j-1.6.1.jar
8bbfe000-8bbff000 ---p 00000000 00:00 0 
8bbff000-8bc7f000 rw-p 00000000 00:00 0 
8bc7f000-8bc82000 ---p 00000000 00:00 0 
8bc82000-8bd00000 rw-p 00000000 00:00 0 
8bd00000-8bdfe000 rw-p 00000000 00:00 0 
8bdfe000-8be00000 ---p 00000000 00:00 0 
8be00000-8be02000 r--s 0000d000 08:05 659825     /home/simon/ese2010/play-1.0.3.2/framework/lib/commons-logging-1.1.1.jar
8be02000-8be04000 r--s 0000c000 08:05 659812     /home/simon/ese2010/play-1.0.3.2/framework/lib/activation.jar
8be04000-8be0b000 r--s 00059000 08:05 659848     /home/simon/ese2010/play-1.0.3.2/framework/lib/log4j-1.2.15.jar
8be0b000-8be0e000 r--s 00011000 08:05 659830     /home/simon/ese2010/play-1.0.3.2/framework/lib/ezmorph-1.0.3.jar
8be0e000-8be17000 r--s 00048000 08:05 659815     /home/simon/ese2010/play-1.0.3.2/framework/lib/backport-util-concurrent-3.0.jar
8be17000-8be19000 r--s 00008000 08:05 918049     /home/simon/ese2010/ese2010-team5/qa/lib/pegdown-0.8.5.4.jar
8be19000-8be21000 r--s 00056000 08:05 918048     /home/simon/ese2010/ese2010-team5/qa/lib/parboiled4j-0.9.9.0.jar
8be21000-8be24000 ---p 00000000 00:00 0 
8be24000-8be72000 rw-p 00000000 00:00 0 
8be72000-8be75000 ---p 00000000 00:00 0 
8be75000-8bef3000 rw-p 00000000 00:00 0 
8bef3000-8bef6000 ---p 00000000 00:00 0 
8bef6000-8bf44000 rw-p 00000000 00:00 0 
8bf44000-8bf47000 ---p 00000000 00:00 0 
8bf47000-8bf95000 rw-p 00000000 00:00 0 
8bf95000-8bf99000 r--s 0007c000 08:05 5552       /usr/lib/jvm/java-6-openjdk/jre/lib/jsse.jar
8bf99000-8bfa0000 r--s 00079000 08:05 659862     /home/simon/ese2010/play-1.0.3.2/framework/play.jar
8bfa0000-8bfa9000 r--s 00065000 08:05 151420     /usr/share/java/gnome-java-bridge.jar
8bfa9000-8bfac000 ---p 00000000 00:00 0 
8bfac000-8bffa000 rw-p 00000000 00:00 0 
8bffa000-8bffd000 ---p 00000000 00:00 0 
8bffd000-8c04b000 rw-p 00000000 00:00 0 
8c04b000-8c04e000 ---p 00000000 00:00 0 
8c04e000-8c09c000 rw-p 00000000 00:00 0 
8c09c000-8c09d000 ---p 00000000 00:00 0 
8c09d000-8c150000 rw-p 00000000 00:00 0 
8c150000-8c2e2000 r--s 03916000 08:05 3225       /usr/lib/jvm/java-6-openjdk/jre/lib/rt.jar
8c2e2000-8c2e3000 ---p 00000000 00:00 0 
8c2e3000-8c363000 rw-p 00000000 00:00 0 
8c363000-8c364000 ---p 00000000 00:00 0 
8c364000-8c3fa000 rw-p 00000000 00:00 0 
8c3fa000-8c424000 rw-p 00000000 00:00 0 
8c424000-8c42d000 rw-p 00000000 00:00 0 
8c42d000-8c42f000 ---p 00000000 00:00 0 
8c42f000-8c4cf000 rw-p 00000000 00:00 0 
8c4cf000-8c4e5000 rw-p 00000000 00:00 0 
8c4e5000-8c50f000 rw-p 00000000 00:00 0 
8c50f000-8c518000 rw-p 00000000 00:00 0 
8c518000-8c51a000 ---p 00000000 00:00 0 
8c51a000-8c5b9000 rw-p 00000000 00:00 0 
8c5b9000-8c5d5000 rw-p 00000000 00:00 0 
8c5d5000-8c5da000 ---p 00000000 00:00 0 
8c5da000-8c60f000 rw-p 00000000 00:00 0 
8c60f000-8f190000 rw-p 00000000 00:00 0 
8f190000-94610000 rw-p 00000000 00:00 0 
94610000-957e0000 rw-p 00000000 00:00 0 
957e0000-95b10000 ---p 00000000 00:00 0 
95b10000-a9b70000 rw-p 00000000 00:00 0 
a9b70000-ad130000 rw-p 00000000 00:00 0 
ad130000-adab0000 ---p 00000000 00:00 0 
adab0000-b4610000 rw-p 00000000 00:00 0 
b4611000-b4614000 r--s 0000f000 08:05 5536       /usr/lib/jvm/java-6-openjdk/jre/lib/ext/pulse-java.jar
b4614000-b4629000 rw-p 00000000 00:00 0 
b4629000-b46d4000 rw-p 00000000 00:00 0 
b46d4000-b4c14000 rwxp 00000000 00:00 0 
b4c14000-b76d4000 rw-p 00000000 00:00 0 
b76d4000-b76dc000 rw-s 00000000 08:05 9157       /tmp/hsperfdata_simon/2617
b76dc000-b771b000 r--p 00000000 08:05 658598     /usr/lib/locale/en_US.utf8/LC_CTYPE
b771b000-b7839000 r--p 00000000 08:05 658599     /usr/lib/locale/en_US.utf8/LC_COLLATE
b7839000-b783c000 ---p 00000000 00:00 0 
b783c000-b788e000 rw-p 00000000 00:00 0 
b788e000-b788f000 r--p 00000000 08:05 663758     /usr/lib/locale/en_US.utf8/LC_NUMERIC
b788f000-b7890000 r--p 00000000 08:05 658595     /usr/lib/locale/en_US.utf8/LC_TIME
b7890000-b7891000 r--p 00000000 08:05 661903     /usr/lib/locale/en_US.utf8/LC_MONETARY
b7891000-b7892000 r--p 00000000 08:05 661904     /usr/lib/locale/en_US.utf8/LC_MESSAGES/SYS_LC_MESSAGES
b7892000-b7893000 r--p 00000000 08:05 663764     /usr/lib/locale/en_US.utf8/LC_PAPER
b7893000-b7894000 r--p 00000000 08:05 663765     /usr/lib/locale/en_US.utf8/LC_NAME
b7894000-b7895000 r--p 00000000 08:05 661905     /usr/lib/locale/en_US.utf8/LC_ADDRESS
b7895000-b7896000 r--p 00000000 08:05 661906     /usr/lib/locale/en_US.utf8/LC_TELEPHONE
b7896000-b7897000 r--p 00000000 08:05 663768     /usr/lib/locale/en_US.utf8/LC_MEASUREMENT
b7897000-b789e000 r--s 00000000 08:05 140804     /usr/lib/gconv/gconv-modules.cache
b789e000-b789f000 r--p 00000000 08:05 661907     /usr/lib/locale/en_US.utf8/LC_IDENTIFICATION
b789f000-b78a0000 rw-p 00000000 00:00 0 
b78a0000-b78a1000 r--p 00000000 00:00 0 
b78a1000-b78a3000 rw-p 00000000 00:00 0 
bfa97000-bfaad000 rw-p 00000000 00:00 0          [stack]

VM Arguments:
jvm_args: -javaagent:/home/simon/ese2010/play-1.0.3.2/framework/play.jar -Dplay.debug=yes -Xrunjdwp:transport=dt_socket,address=8000,server=y,suspend=n -Xdebug -Dapplication.path=/home/simon/ese2010/ese2010-team5/qa -Dplay.id= 
java_command: play.server.Server
Launcher Type: SUN_STANDARD

Environment Variables:
PATH=/usr/local/sbin:/usr/local/bin:/usr/sbin:/usr/bin:/sbin:/bin:/usr/games:~/ese2010/play-1.0.3.2/
USERNAME=simon
LD_LIBRARY_PATH=/usr/lib/jvm/java-6-openjdk/jre/lib/i386/server:/usr/lib/jvm/java-6-openjdk/jre/lib/i386:/usr/lib/jvm/java-6-openjdk/jre/../lib/i386
SHELL=/bin/bash
DISPLAY=:0.0

Signal Handlers:
SIGSEGV: [libjvm.so+0x5ec280], sa_mask[0]=0x7ffbfeff, sa_flags=0x10000004
SIGBUS: [libjvm.so+0x5ec280], sa_mask[0]=0x7ffbfeff, sa_flags=0x10000004
SIGFPE: [libjvm.so+0x4c9470], sa_mask[0]=0x7ffbfeff, sa_flags=0x10000004
SIGPIPE: [libjvm.so+0x4c9470], sa_mask[0]=0x7ffbfeff, sa_flags=0x10000004
SIGXFSZ: [libjvm.so+0x4c9470], sa_mask[0]=0x7ffbfeff, sa_flags=0x10000004
SIGILL: [libjvm.so+0x4c9470], sa_mask[0]=0x7ffbfeff, sa_flags=0x10000004
SIGUSR1: SIG_DFL, sa_mask[0]=0x00000000, sa_flags=0x00000000
SIGUSR2: [libjvm.so+0x4c8b60], sa_mask[0]=0x00000000, sa_flags=0x10000004
SIGHUP: [libjvm.so+0x4cb310], sa_mask[0]=0x7ffbfeff, sa_flags=0x10000004
SIGINT: [libjvm.so+0x4cb310], sa_mask[0]=0x7ffbfeff, sa_flags=0x10000004
SIGTERM: [libjvm.so+0x4cb310], sa_mask[0]=0x7ffbfeff, sa_flags=0x10000004
SIGQUIT: [libjvm.so+0x4cb310], sa_mask[0]=0x7ffbfeff, sa_flags=0x10000004


---------------  S Y S T E M  ---------------

OS:Ubuntu 10.04 (lucid)
uname:Linux 2.6.32-25-generic #45-Ubuntu SMP Sat Oct 16 19:48:22 UTC 2010 i686
libc:glibc 2.11.1 NPTL 2.11.1 
rlimit: STACK 8192k, CORE 0k, NPROC infinity, NOFILE 1024, AS infinity
load average:0.90 0.97 0.92

CPU:total 2 (2 cores per cpu, 1 threads per core) family 6 model 15 stepping 11, cmov, cx8, fxsr, mmx, sse, sse2, sse3, ssse3

Memory: 4k page, physical 2061408k(490660k free), swap 2088408k(2088408k free)

vm_info: OpenJDK Server VM (16.0-b13) for linux-x86 JRE (1.6.0_18-b18), built on Oct 25 2010 18:18:54 by "buildd" with gcc 4.4.3

time: Fri Nov 19 12:21:08 2010
elapsed time: 5470 seconds

