#
# A fatal error has been detected by the Java Runtime Environment:
#
#  SIGSEGV (0xb) at pc=0x00007faa1aeb9ca0, pid=7058, tid=140367278180112
#
# JRE version: 6.0_18-b18
# Java VM: OpenJDK 64-Bit Server VM (16.0-b13 mixed mode linux-amd64 )
# Derivative: IcedTea6 1.8.2
# Distribution: Ubuntu 10.04.1 LTS, package 6b18-1.8.2-4ubuntu2
# Problematic frame:
# V  [libjvm.so+0x50bca0]
#
# If you would like to submit a bug report, please include
# instructions how to reproduce the bug and visit:
#   https://bugs.launchpad.net/ubuntu/+source/openjdk-6/
#

---------------  T H R E A D  ---------------

Current thread (0x000000000175e000):  JavaThread "CompilerThread0" daemon [_thread_in_native, id=7068, stack(0x00007fa9cdb10000,0x00007fa9cdc11000)]

siginfo:si_signo=SIGSEGV: si_errno=0, si_code=1 (SEGV_MAPERR), si_addr=0x0000000000000008

Registers:
RAX=0x0000000000000000, RBX=0x00007fa9cdc0da80, RCX=0x0000000001a5a220, RDX=0x0000000000002000
RSP=0x00007fa9cdc0c290, RBP=0x00007fa9cdc0c2d0, RSI=0x0000000001867c70, RDI=0x0000000000000000
R8 =0x000000000220c410, R9 =0x0000000001a9b080, R10=0x0000000000000000, R11=0x00007faa1b514e53
R12=0x00000000021d26d8, R13=0x0000000001c18fe0, R14=0x00007fa9cdc0daa0, R15=0x0000000001b7de08
RIP=0x00007faa1aeb9ca0, EFL=0x0000000000010202, CSGSFS=0x0000000000000033, ERR=0x0000000000000004
  TRAPNO=0x000000000000000e

Top of Stack: (sp=0x00007fa9cdc0c290)
0x00007fa9cdc0c290:   00007fa9cdc0c5b0 00000000000012f9
0x00007fa9cdc0c2a0:   00007fa9cdc0c2d0 00007fa9cdc0c570
0x00007fa9cdc0c2b0:   00007fa9cdc0da80 00000000021d26d8
0x00007fa9cdc0c2c0:   0000000000000002 00000000021c9da8
0x00007fa9cdc0c2d0:   00007fa9cdc0c340 00007faa1aeba207
0x00007fa9cdc0c2e0:   0000000000000020 00007fa900000001
0x00007fa9cdc0c2f0:   00007fa9cdc0e410 0000000000000000
0x00007fa9cdc0c300:   00007fa9cdc0c550 00007fa9cdc0c5b0
0x00007fa9cdc0c310:   000000000000150e 00007fa9cdc0da80
0x00007fa9cdc0c320:   00007fa9cdc0d070 00007fa9cdc0c5b0
0x00007fa9cdc0c330:   00007fa9cdc0c550 0000000000000000
0x00007fa9cdc0c340:   00007fa9cdc0c610 00007faa1aebd750
0x00007fa9cdc0c350:   00007faa1b45c888 00007faa1b477ad8
0x00007fa9cdc0c360:   00007fa9cdc0c390 00007faa0000150d
0x00007fa9cdc0c370:   000000000000a960 00007faa1b43ed7c
0x00007fa9cdc0c380:   01007faa1b80dea8 00007fa9cdc0c570
0x00007fa9cdc0c390:   00007fa9cdc0c3b0 00007faa1b03ffb6
0x00007fa9cdc0c3a0:   00000000016c93d0 0000000002a2b470
0x00007fa9cdc0c3b0:   00007fa9cdc0c3d0 00007faa1b03ffb6
0x00007fa9cdc0c3c0:   00000000016c93d0 0000000002a2b470
0x00007fa9cdc0c3d0:   00000000019b5a00 0000000002a2b470
0x00007fa9cdc0c3e0:   00007fa9cdc0c3f0 00007faa1b03f24d
0x00007fa9cdc0c3f0:   00007fa9cdc0c410 00007faa1b03ffb6
0x00007fa9cdc0c400:   00000000016c93d0 0000000002a2b470
0x00007fa9cdc0c410:   00007fa9cdc0c430 00007faa1b03ffb6
0x00007fa9cdc0c420:   00000000016c93d0 0000000002a2b470
0x00007fa9cdc0c430:   00007fa9cdc0c490 00007faa1ad61f91
0x00007fa9cdc0c440:   00007fa9cdc0c460 00007fa9c8165c40
0x00007fa9cdc0c450:   00000000027444c8 00000000027431d8
0x00007fa9cdc0c460:   00007fa9cdc0c480 0000000002744578
0x00007fa9cdc0c470:   00007fa9cdc0d070 00007fa9cdc0d070
0x00007fa9cdc0c480:   0000000002743730 0000000002744578 

Instructions: (pc=0x00007faa1aeb9ca0)
0x00007faa1aeb9c90:   89 f6 48 c1 e6 03 48 03 b3 d0 09 00 00 48 8b 06
0x00007faa1aeb9ca0:   48 8b 50 08 48 83 3a 00 75 27 8b 4b 28 0f 1f 00 

Stack: [0x00007fa9cdb10000,0x00007fa9cdc11000],  sp=0x00007fa9cdc0c290,  free space=3f00000000000000030k
Native frames: (J=compiled Java code, j=interpreted, Vv=VM code, C=native code)
V  [libjvm.so+0x50bca0]
V  [libjvm.so+0x50c207]
V  [libjvm.so+0x50f750]
V  [libjvm.so+0x2b7a9b]
V  [libjvm.so+0x2b85ea]
V  [libjvm.so+0x246f7c]
V  [libjvm.so+0x2bd4ca]
V  [libjvm.so+0x2bdaef]
V  [libjvm.so+0x687d0b]
V  [libjvm.so+0x58fff2]


Current CompileTask:
C2:608      jregex.Pretokenizer.next()V (1064 bytes)


---------------  P R O C E S S  ---------------

Java Threads: ( => current thread )
  0x00000000017d2000 JavaThread "NioProcessor-1" [_thread_in_native, id=7223, stack(0x00007fa9ccf7e000,0x00007fa9cd07f000)]
  0x00000000017d7000 JavaThread "pool-3-thread-1" [_thread_in_Java, id=7101, stack(0x00007fa9cce7d000,0x00007fa9ccf7e000)]
  0x00007fa9c81af800 JavaThread "DestroyJavaVM" [_thread_blocked, id=7059, stack(0x00007faa1c148000,0x00007faa1c249000)]
  0x00007fa9c860d800 JavaThread "NioSocketAcceptor-1" [_thread_in_native, id=7073, stack(0x00007fa9cd07f000,0x00007fa9cd180000)]
  0x00007fa9c86af000 JavaThread "NioSocketAcceptor-1-idleStatusChecker" [_thread_blocked, id=7072, stack(0x00007fa9cd180000,0x00007fa9cd281000)]
  0x0000000001763800 JavaThread "Low Memory Detector" daemon [_thread_blocked, id=7070, stack(0x00007fa9cd90e000,0x00007fa9cda0f000)]
  0x0000000001761000 JavaThread "CompilerThread1" daemon [_thread_blocked, id=7069, stack(0x00007fa9cda0f000,0x00007fa9cdb10000)]
=>0x000000000175e000 JavaThread "CompilerThread0" daemon [_thread_in_native, id=7068, stack(0x00007fa9cdb10000,0x00007fa9cdc11000)]
  0x0000000001748800 JavaThread "JDWP Event Helper Thread" daemon [_thread_blocked, id=7067, stack(0x00007fa9cdc11000,0x00007fa9cdd12000)]
  0x0000000001745000 JavaThread "JDWP Transport Listener: dt_socket" daemon [_thread_in_native, id=7066, stack(0x00007fa9cdd12000,0x00007fa9cde13000)]
  0x0000000001711800 JavaThread "Signal Dispatcher" daemon [_thread_blocked, id=7065, stack(0x00007fa9ce018000,0x00007fa9ce119000)]
  0x00000000016f3800 JavaThread "Finalizer" daemon [_thread_blocked, id=7064, stack(0x00007fa9ce119000,0x00007fa9ce21a000)]
  0x00000000016ec000 JavaThread "Reference Handler" daemon [_thread_blocked, id=7063, stack(0x00007fa9ce21a000,0x00007fa9ce31b000)]

Other Threads:
  0x00000000016e7800 VMThread [stack: 0x00007fa9ce31b000,0x00007fa9ce41c000] [id=7062]
  0x0000000001766800 WatcherThread [stack: 0x00007fa9cd80d000,0x00007fa9cd90e000] [id=7071]

VM state:not at safepoint (normal execution)

VM Mutex/Monitor currently owned by a thread: None

Heap
 PSYoungGen      total 21248K, used 7394K [0x00007faa01a60000, 0x00007faa03b80000, 0x00007faa15c60000)
  eden space 20864K, 33% used [0x00007faa01a60000,0x00007faa021389b0,0x00007faa02ec0000)
  from space 384K, 100% used [0x00007faa02f50000,0x00007faa02fb0000,0x00007faa02fb0000)
  to   space 6528K, 0% used [0x00007faa03520000,0x00007faa03520000,0x00007faa03b80000)
 PSOldGen        total 41216K, used 14982K [0x00007fa9d9660000, 0x00007fa9dbea0000, 0x00007faa01a60000)
  object space 41216K, 36% used [0x00007fa9d9660000,0x00007fa9da501b88,0x00007fa9dbea0000)
 PSPermGen       total 27776K, used 27703K [0x00007fa9cee60000, 0x00007fa9d0980000, 0x00007fa9d9660000)
  object space 27776K, 99% used [0x00007fa9cee60000,0x00007fa9d096def8,0x00007fa9d0980000)

Dynamic libraries:
00400000-00409000 r-xp 00000000 08:05 533888                             /usr/lib/jvm/java-6-openjdk/jre/bin/java
00608000-00609000 r--p 00008000 08:05 533888                             /usr/lib/jvm/java-6-openjdk/jre/bin/java
00609000-0060a000 rw-p 00009000 08:05 533888                             /usr/lib/jvm/java-6-openjdk/jre/bin/java
01671000-0513d000 rw-p 00000000 00:00 0                                  [heap]
7fa9c8000000-7fa9c93c5000 rw-p 00000000 00:00 0 
7fa9c93c5000-7fa9cc000000 ---p 00000000 00:00 0 
7fa9cce71000-7fa9cce74000 r--s 00031000 08:05 265998                     /usr/lib/jvm/java-6-openjdk/jre/lib/ext/sunjce_provider.jar
7fa9cce74000-7fa9cce76000 r--s 00013000 08:05 266697                     /usr/lib/jvm/java-6-openjdk/jre/lib/jce.jar
7fa9cce76000-7fa9cce7d000 r--s 00102000 08:05 266703                     /usr/lib/jvm/java-6-openjdk/jre/lib/resources.jar
7fa9cce7d000-7fa9cce80000 ---p 00000000 00:00 0 
7fa9cce80000-7fa9ccf7e000 rw-p 00000000 00:00 0 
7fa9ccf7e000-7fa9ccf81000 ---p 00000000 00:00 0 
7fa9ccf81000-7fa9cd07f000 rw-p 00000000 00:00 0 
7fa9cd07f000-7fa9cd082000 ---p 00000000 00:00 0 
7fa9cd082000-7fa9cd180000 rw-p 00000000 00:00 0 
7fa9cd180000-7fa9cd183000 ---p 00000000 00:00 0 
7fa9cd183000-7fa9cd281000 rw-p 00000000 00:00 0 
7fa9cd281000-7fa9cd289000 r-xp 00000000 08:05 264826                     /usr/lib/jvm/java-6-openjdk/jre/lib/amd64/libnio.so
7fa9cd289000-7fa9cd488000 ---p 00008000 08:05 264826                     /usr/lib/jvm/java-6-openjdk/jre/lib/amd64/libnio.so
7fa9cd488000-7fa9cd489000 r--p 00007000 08:05 264826                     /usr/lib/jvm/java-6-openjdk/jre/lib/amd64/libnio.so
7fa9cd489000-7fa9cd48a000 rw-p 00008000 08:05 264826                     /usr/lib/jvm/java-6-openjdk/jre/lib/amd64/libnio.so
7fa9cd48a000-7fa9cd49f000 r-xp 00000000 08:05 264825                     /usr/lib/jvm/java-6-openjdk/jre/lib/amd64/libnet.so
7fa9cd49f000-7fa9cd69e000 ---p 00015000 08:05 264825                     /usr/lib/jvm/java-6-openjdk/jre/lib/amd64/libnet.so
7fa9cd69e000-7fa9cd69f000 r--p 00014000 08:05 264825                     /usr/lib/jvm/java-6-openjdk/jre/lib/amd64/libnet.so
7fa9cd69f000-7fa9cd6a0000 rw-p 00015000 08:05 264825                     /usr/lib/jvm/java-6-openjdk/jre/lib/amd64/libnet.so
7fa9cd6a0000-7fa9cd6a6000 r--s 00032000 08:05 1457426                    /home/sebastian/play-1.0.3.2/framework/lib/jaxen-1.1.jar
7fa9cd6a6000-7fa9cd6a9000 r--s 0000a000 08:05 1457413                    /home/sebastian/play-1.0.3.2/framework/lib/ejb3-persistence.jar
7fa9cd6a9000-7fa9cd6cd000 r--s 00473000 08:05 1457422                    /home/sebastian/play-1.0.3.2/framework/lib/hibernate3.jar
7fa9cd6cd000-7fa9cd6d3000 r--s 00041000 08:05 1457439                    /home/sebastian/play-1.0.3.2/framework/lib/oval-1.31.jar
7fa9cd6d3000-7fa9cd6d9000 r--s 00067000 08:05 1457397                    /home/sebastian/play-1.0.3.2/framework/lib/antlr-2.7.6.jar
7fa9cd6d9000-7fa9cd6db000 r--s 00012000 08:05 1457433                    /home/sebastian/play-1.0.3.2/framework/lib/lucene-analyzers-2.3.1.jar
7fa9cd6db000-7fa9cd6e7000 r--s 00097000 08:05 1457434                    /home/sebastian/play-1.0.3.2/framework/lib/lucene-core-2.3.1.jar
7fa9cd6e7000-7fa9cd6e9000 r--s 00001000 08:05 1457430                    /home/sebastian/play-1.0.3.2/framework/lib/jta.jar
7fa9cd6e9000-7fa9cd6f4000 r--s 0008a000 08:05 1457400                    /home/sebastian/play-1.0.3.2/framework/lib/c3p0-0.9.1.jar
7fa9cd6f4000-7fa9cd6f6000 r--s 00001000 08:05 1457444                    /home/sebastian/play-1.0.3.2/framework/lib/slf4j-log4j12-1.5.0.jar
7fa9cd6f6000-7fa9cd6fe000 r--s 000a3000 08:05 1457423                    /home/sebastian/play-1.0.3.2/framework/lib/hsqldb.jar
7fa9cd6fe000-7fa9cd701000 r--s 0001b000 08:05 1457419                    /home/sebastian/play-1.0.3.2/framework/lib/hibernate-entitymanager.jar
7fa9cd701000-7fa9cd703000 r--s 0000b000 08:05 1457405                    /home/sebastian/play-1.0.3.2/framework/lib/commons-fileupload-1.2.jar
7fa9cd703000-7fa9cd708000 r--s 0002a000 08:05 1457402                    /home/sebastian/play-1.0.3.2/framework/lib/commons-beanutils.jar
7fa9cd708000-7fa9cd70a000 r--s 0000a000 08:05 1457403                    /home/sebastian/play-1.0.3.2/framework/lib/commons-codec.jar
7fa9cd70a000-7fa9cd717000 r--s 0007c000 08:05 1457404                    /home/sebastian/play-1.0.3.2/framework/lib/commons-collections-3.1.jar
7fa9cd717000-7fa9cd719000 r--s 00003000 08:05 1457443                    /home/sebastian/play-1.0.3.2/framework/lib/slf4j-api-1.5.0.jar
7fa9cd719000-7fa9cd71f000 r--s 00055000 08:05 1457435                    /home/sebastian/play-1.0.3.2/framework/lib/mail.jar
7fa9cd71f000-7fa9cd725000 r--s 00024000 08:05 1457398                    /home/sebastian/play-1.0.3.2/framework/lib/asyncweb-common-0.9.0-SNAPSHOT.jar
7fa9cd725000-7fa9cd72d000 r--s 0008a000 08:05 1457425                    /home/sebastian/play-1.0.3.2/framework/lib/javassist.jar
7fa9cd72d000-7fa9cd733000 r--s 0002c000 08:05 1457393                    /home/sebastian/play-1.0.3.2/framework/lib/SnakeYAML-1.2.jar
7fa9cd733000-7fa9cd737000 r--s 0002f000 08:05 1457408                    /home/sebastian/play-1.0.3.2/framework/lib/commons-lang.jar
7fa9cd737000-7fa9cd746000 r--s 00074000 08:05 1457427                    /home/sebastian/play-1.0.3.2/framework/lib/joda-time-1.6.jar
7fa9cd746000-7fa9cd749000 r--s 0000e000 08:05 1457418                    /home/sebastian/play-1.0.3.2/framework/lib/hibernate-commons-annotations.jar
7fa9cd749000-7fa9cd752000 r--s 00048000 08:05 1457399                    /home/sebastian/play-1.0.3.2/framework/lib/backport-util-concurrent-3.0.jar
7fa9cd752000-7fa9cd759000 r--s 00059000 08:05 1457432                    /home/sebastian/play-1.0.3.2/framework/lib/log4j-1.2.15.jar
7fa9cd759000-7fa9cd75b000 r--s 0000d000 08:05 1457409                    /home/sebastian/play-1.0.3.2/framework/lib/commons-logging-1.1.1.jar
7fa9cd75b000-7fa9cd766000 r--s 00071000 08:05 1457437                    /home/sebastian/play-1.0.3.2/framework/lib/mina-core-2.0.0-M2-SNAPSHOT.jar
7fa9cd766000-7fa9cd768000 r--s 00017000 08:05 1457394                    /home/sebastian/play-1.0.3.2/framework/lib/WikiText.jar
7fa9cd768000-7fa9cd7b7000 r--s 004b1000 08:05 1457415                    /home/sebastian/play-1.0.3.2/framework/lib/groovy-all-1.7.1.jar
7fa9cd7b7000-7fa9cd7ba000 r--s 00022000 08:05 1457424                    /home/sebastian/play-1.0.3.2/framework/lib/jamon-2.7.jar
7fa9cd7ba000-7fa9cd7bf000 r--s 0003c000 08:05 1457412                    /home/sebastian/play-1.0.3.2/framework/lib/ehcache-1.5.0.jar
7fa9cd7bf000-7fa9cd7c1000 r--s 00001000 08:05 1457429                    /home/sebastian/play-1.0.3.2/framework/lib/jsr107cache-1.0.jar
7fa9cd7c1000-7fa9cd7c8000 r--s 000aa000 08:05 1457438                    /home/sebastian/play-1.0.3.2/framework/lib/mysql-connector-java-5.1.8-bin.jar
7fa9cd7c8000-7fa9cd7cb000 r--s 0000f000 08:05 1457442                    /home/sebastian/play-1.0.3.2/framework/lib/provided-geronimo-servlet_2.5_spec-1.2.jar
7fa9cd7cb000-7fa9cd7cf000 r--s 00023000 08:05 1457416                    /home/sebastian/play-1.0.3.2/framework/lib/gson-1.3.jar
7fa9cd7cf000-7fa9cd7d1000 r--s 00011000 08:05 1457395                    /home/sebastian/play-1.0.3.2/framework/lib/ZDB.jar
7fa9cd7d1000-7fa9cd7d6000 r--s 00037000 08:05 1457436                    /home/sebastian/play-1.0.3.2/framework/lib/memcached-2.4.2.jar
7fa9cd7d6000-7fa9cd7d8000 r--s 00015000 08:05 1457428                    /home/sebastian/play-1.0.3.2/framework/lib/jregex1.2_01.jar
7fa9cd7d8000-7fa9cd7dd000 r--s 00048000 08:05 1457411                    /home/sebastian/play-1.0.3.2/framework/lib/dom4j-1.6.1.jar
7fa9cd7dd000-7fa9cd7df000 r--s 0000c000 08:05 1457396                    /home/sebastian/play-1.0.3.2/framework/lib/activation.jar
7fa9cd7df000-7fa9cd7e6000 r--s 00038000 08:05 1457445                    /home/sebastian/play-1.0.3.2/framework/lib/wikitext.core_1.1.1.jar
7fa9cd7e6000-7fa9cd7f2000 r--s 0014c000 08:05 1457410                    /home/sebastian/play-1.0.3.2/framework/lib/compiler-jdt.jar
7fa9cd7f2000-7fa9cd7f6000 r--s 00020000 08:05 1457441                    /home/sebastian/play-1.0.3.2/framework/lib/play-imaging.jar
7fa9cd7f6000-7fa9cd7fb000 r--s 00040000 08:05 1457406                    /home/sebastian/play-1.0.3.2/framework/lib/commons-httpclient.jar
7fa9cd7fb000-7fa9cd801000 r--s 00049000 08:05 1457401                    /home/sebastian/play-1.0.3.2/framework/lib/cglib-nodep-2.2.jar
7fa9cd801000-7fa9cd807000 r--s 00056000 08:05 1457421                    /home/sebastian/play-1.0.3.2/framework/lib/hibernate3-ast.jar
7fa9cd807000-7fa9cd80a000 r--s 00018000 08:05 1457407                    /home/sebastian/play-1.0.3.2/framework/lib/commons-io.jar
7fa9cd80a000-7fa9cd80d000 r--s 00011000 08:05 1457414                    /home/sebastian/play-1.0.3.2/framework/lib/ezmorph-1.0.3.jar
7fa9cd80d000-7fa9cd80e000 ---p 00000000 00:00 0 
7fa9cd80e000-7fa9cd90e000 rw-p 00000000 00:00 0 
7fa9cd90e000-7fa9cd911000 ---p 00000000 00:00 0 
7fa9cd911000-7fa9cda0f000 rw-p 00000000 00:00 0 
7fa9cda0f000-7fa9cda12000 ---p 00000000 00:00 0 
7fa9cda12000-7fa9cdb10000 rw-p 00000000 00:00 0 
7fa9cdb10000-7fa9cdb13000 ---p 00000000 00:00 0 
7fa9cdb13000-7fa9cdc11000 rw-p 00000000 00:00 0 
7fa9cdc11000-7fa9cdc14000 ---p 00000000 00:00 0 
7fa9cdc14000-7fa9cdd12000 rw-p 00000000 00:00 0 
7fa9cdd12000-7fa9cdd15000 ---p 00000000 00:00 0 
7fa9cdd15000-7fa9cde13000 rw-p 00000000 00:00 0 
7fa9cde13000-7fa9cde17000 r-xp 00000000 08:05 264805                     /usr/lib/jvm/java-6-openjdk/jre/lib/amd64/libdt_socket.so
7fa9cde17000-7fa9ce016000 ---p 00004000 08:05 264805                     /usr/lib/jvm/java-6-openjdk/jre/lib/amd64/libdt_socket.so
7fa9ce016000-7fa9ce017000 r--p 00003000 08:05 264805                     /usr/lib/jvm/java-6-openjdk/jre/lib/amd64/libdt_socket.so
7fa9ce017000-7fa9ce018000 rw-p 00004000 08:05 264805                     /usr/lib/jvm/java-6-openjdk/jre/lib/amd64/libdt_socket.so
7fa9ce018000-7fa9ce01b000 ---p 00000000 00:00 0 
7fa9ce01b000-7fa9ce119000 rw-p 00000000 00:00 0 
7fa9ce119000-7fa9ce11c000 ---p 00000000 00:00 0 
7fa9ce11c000-7fa9ce21a000 rw-p 00000000 00:00 0 
7fa9ce21a000-7fa9ce21d000 ---p 00000000 00:00 0 
7fa9ce21d000-7fa9ce31b000 rw-p 00000000 00:00 0 
7fa9ce31b000-7fa9ce31c000 ---p 00000000 00:00 0 
7fa9ce31c000-7fa9ce752000 rw-p 00000000 00:00 0 
7fa9ce752000-7fa9ce8e4000 r--s 03916000 08:05 263013                     /usr/lib/jvm/java-6-openjdk/jre/lib/rt.jar
7fa9ce8e4000-7fa9ce8e5000 ---p 00000000 00:00 0 
7fa9ce8e5000-7fa9ce9e5000 rw-p 00000000 00:00 0 
7fa9ce9e5000-7fa9ce9e6000 ---p 00000000 00:00 0 
7fa9ce9e6000-7fa9ceafb000 rw-p 00000000 00:00 0 
7fa9ceafb000-7fa9cec28000 rw-p 00000000 00:00 0 
7fa9cec28000-7fa9cec36000 rw-p 00000000 00:00 0 
7fa9cec36000-7fa9cec7c000 rw-p 00000000 00:00 0 
7fa9cec7c000-7fa9cec91000 rw-p 00000000 00:00 0 
7fa9cec91000-7fa9cedbe000 rw-p 00000000 00:00 0 
7fa9cedbe000-7fa9cedcf000 rw-p 00000000 00:00 0 
7fa9cedcf000-7fa9cede3000 ---p 00000000 00:00 0 
7fa9cede3000-7fa9cee5f000 rw-p 00000000 00:00 0 
7fa9cee5f000-7fa9d0980000 rw-p 00000000 00:00 0 
7fa9d0980000-7fa9d9660000 rw-p 00000000 00:00 0 
7fa9d9660000-7fa9dbea0000 rw-p 00000000 00:00 0 
7fa9dbea0000-7faa01a60000 rw-p 00000000 00:00 0 
7faa01a60000-7faa03b80000 rw-p 00000000 00:00 0 
7faa03b80000-7faa063a0000 ---p 00000000 00:00 0 
7faa063a0000-7faa15c60000 rw-p 00000000 00:00 0 
7faa15c60000-7faa15c65000 r--s 00040000 08:05 1457417                    /home/sebastian/play-1.0.3.2/framework/lib/hibernate-annotations.jar
7faa15c65000-7faa15c6a000 r--s 00023000 08:05 1457431                    /home/sebastian/play-1.0.3.2/framework/lib/junit-4.4.jar
7faa15c6a000-7faa15c6d000 r--s 0000d000 08:05 1457420                    /home/sebastian/play-1.0.3.2/framework/lib/hibernate-validator.jar
7faa15c6d000-7faa15c6f000 r--s 00008000 08:05 1712267                    /home/sebastian/ese2010-team5/qa/lib/pegdown-0.8.5.4.jar
7faa15c6f000-7faa15c7f000 rw-p 00000000 00:00 0 
7faa15c7f000-7faa15d2f000 rw-p 00000000 00:00 0 
7faa15d2f000-7faa1610f000 rwxp 00000000 00:00 0 
7faa1610f000-7faa18d2f000 rw-p 00000000 00:00 0 
7faa18d2f000-7faa18d36000 r-xp 00000000 08:05 264835                     /usr/lib/jvm/java-6-openjdk/jre/lib/amd64/libzip.so
7faa18d36000-7faa18f35000 ---p 00007000 08:05 264835                     /usr/lib/jvm/java-6-openjdk/jre/lib/amd64/libzip.so
7faa18f35000-7faa18f36000 r--p 00006000 08:05 264835                     /usr/lib/jvm/java-6-openjdk/jre/lib/amd64/libzip.so
7faa18f36000-7faa18f37000 rw-p 00007000 08:05 264835                     /usr/lib/jvm/java-6-openjdk/jre/lib/amd64/libzip.so
7faa18f37000-7faa18f43000 r-xp 00000000 08:05 5971                       /lib/libnss_files-2.11.1.so
7faa18f43000-7faa19142000 ---p 0000c000 08:05 5971                       /lib/libnss_files-2.11.1.so
7faa19142000-7faa19143000 r--p 0000b000 08:05 5971                       /lib/libnss_files-2.11.1.so
7faa19143000-7faa19144000 rw-p 0000c000 08:05 5971                       /lib/libnss_files-2.11.1.so
7faa19144000-7faa1914e000 r-xp 00000000 08:05 750                        /lib/libnss_nis-2.11.1.so
7faa1914e000-7faa1934d000 ---p 0000a000 08:05 750                        /lib/libnss_nis-2.11.1.so
7faa1934d000-7faa1934e000 r--p 00009000 08:05 750                        /lib/libnss_nis-2.11.1.so
7faa1934e000-7faa1934f000 rw-p 0000a000 08:05 750                        /lib/libnss_nis-2.11.1.so
7faa1934f000-7faa19357000 r-xp 00000000 08:05 749                        /lib/libnss_compat-2.11.1.so
7faa19357000-7faa19556000 ---p 00008000 08:05 749                        /lib/libnss_compat-2.11.1.so
7faa19556000-7faa19557000 r--p 00007000 08:05 749                        /lib/libnss_compat-2.11.1.so
7faa19557000-7faa19558000 rw-p 00008000 08:05 749                        /lib/libnss_compat-2.11.1.so
7faa19558000-7faa19676000 r--p 00000000 08:05 524398                     /usr/lib/locale/en_US.utf8/LC_COLLATE
7faa19676000-7faa19679000 r-xp 00000000 08:05 264829                     /usr/lib/jvm/java-6-openjdk/jre/lib/amd64/libnpt.so
7faa19679000-7faa19878000 ---p 00003000 08:05 264829                     /usr/lib/jvm/java-6-openjdk/jre/lib/amd64/libnpt.so
7faa19878000-7faa19879000 r--p 00002000 08:05 264829                     /usr/lib/jvm/java-6-openjdk/jre/lib/amd64/libnpt.so
7faa19879000-7faa1987a000 rw-p 00003000 08:05 264829                     /usr/lib/jvm/java-6-openjdk/jre/lib/amd64/libnpt.so
7faa1987a000-7faa19883000 r-xp 00000000 08:05 264808                     /usr/lib/jvm/java-6-openjdk/jre/lib/amd64/libinstrument.so
7faa19883000-7faa19a83000 ---p 00009000 08:05 264808                     /usr/lib/jvm/java-6-openjdk/jre/lib/amd64/libinstrument.so
7faa19a83000-7faa19a84000 r--p 00009000 08:05 264808                     /usr/lib/jvm/java-6-openjdk/jre/lib/amd64/libinstrument.so
7faa19a84000-7faa19a85000 rw-p 0000a000 08:05 264808                     /usr/lib/jvm/java-6-openjdk/jre/lib/amd64/libinstrument.so
7faa19a85000-7faa19abe000 r-xp 00000000 08:05 264818                     /usr/lib/jvm/java-6-openjdk/jre/lib/amd64/libjdwp.so
7faa19abe000-7faa19cbd000 ---p 00039000 08:05 264818                     /usr/lib/jvm/java-6-openjdk/jre/lib/amd64/libjdwp.so
7faa19cbd000-7faa19cbe000 r--p 00038000 08:05 264818                     /usr/lib/jvm/java-6-openjdk/jre/lib/amd64/libjdwp.so
7faa19cbe000-7faa19cbf000 rw-p 00039000 08:05 264818                     /usr/lib/jvm/java-6-openjdk/jre/lib/amd64/libjdwp.so
7faa19cbf000-7faa19cc7000 r-xp 00000000 08:05 533847                     /usr/lib/jvm/java-6-openjdk/jre/lib/amd64/native_threads/libhpi.so
7faa19cc7000-7faa19ec6000 ---p 00008000 08:05 533847                     /usr/lib/jvm/java-6-openjdk/jre/lib/amd64/native_threads/libhpi.so
7faa19ec6000-7faa19ec7000 r--p 00007000 08:05 533847                     /usr/lib/jvm/java-6-openjdk/jre/lib/amd64/native_threads/libhpi.so
7faa19ec7000-7faa19ec8000 rw-p 00008000 08:05 533847                     /usr/lib/jvm/java-6-openjdk/jre/lib/amd64/native_threads/libhpi.so
7faa19ec8000-7faa19edf000 r-xp 00000000 08:05 737                        /lib/libnsl-2.11.1.so
7faa19edf000-7faa1a0de000 ---p 00017000 08:05 737                        /lib/libnsl-2.11.1.so
7faa1a0de000-7faa1a0df000 r--p 00016000 08:05 737                        /lib/libnsl-2.11.1.so
7faa1a0df000-7faa1a0e0000 rw-p 00017000 08:05 737                        /lib/libnsl-2.11.1.so
7faa1a0e0000-7faa1a0e2000 rw-p 00000000 00:00 0 
7faa1a0e2000-7faa1a10f000 r-xp 00000000 08:05 264813                     /usr/lib/jvm/java-6-openjdk/jre/lib/amd64/libjava.so
7faa1a10f000-7faa1a30e000 ---p 0002d000 08:05 264813                     /usr/lib/jvm/java-6-openjdk/jre/lib/amd64/libjava.so
7faa1a30e000-7faa1a30f000 r--p 0002c000 08:05 264813                     /usr/lib/jvm/java-6-openjdk/jre/lib/amd64/libjava.so
7faa1a30f000-7faa1a312000 rw-p 0002d000 08:05 264813                     /usr/lib/jvm/java-6-openjdk/jre/lib/amd64/libjava.so
7faa1a312000-7faa1a321000 r-xp 00000000 08:05 264834                     /usr/lib/jvm/java-6-openjdk/jre/lib/amd64/libverify.so
7faa1a321000-7faa1a520000 ---p 0000f000 08:05 264834                     /usr/lib/jvm/java-6-openjdk/jre/lib/amd64/libverify.so
7faa1a520000-7faa1a522000 r--p 0000e000 08:05 264834                     /usr/lib/jvm/java-6-openjdk/jre/lib/amd64/libverify.so
7faa1a522000-7faa1a523000 rw-p 00010000 08:05 264834                     /usr/lib/jvm/java-6-openjdk/jre/lib/amd64/libverify.so
7faa1a523000-7faa1a52a000 r-xp 00000000 08:05 741                        /lib/librt-2.11.1.so
7faa1a52a000-7faa1a729000 ---p 00007000 08:05 741                        /lib/librt-2.11.1.so
7faa1a729000-7faa1a72a000 r--p 00006000 08:05 741                        /lib/librt-2.11.1.so
7faa1a72a000-7faa1a72b000 rw-p 00007000 08:05 741                        /lib/librt-2.11.1.so
7faa1a72b000-7faa1a7ad000 r-xp 00000000 08:05 669                        /lib/libm-2.11.1.so
7faa1a7ad000-7faa1a9ac000 ---p 00082000 08:05 669                        /lib/libm-2.11.1.so
7faa1a9ac000-7faa1a9ad000 r--p 00081000 08:05 669                        /lib/libm-2.11.1.so
7faa1a9ad000-7faa1a9ae000 rw-p 00082000 08:05 669                        /lib/libm-2.11.1.so
7faa1a9ae000-7faa1b1c9000 r-xp 00000000 08:05 533848                     /usr/lib/jvm/java-6-openjdk/jre/lib/amd64/server/libjvm.so
7faa1b1c9000-7faa1b3c8000 ---p 0081b000 08:05 533848                     /usr/lib/jvm/java-6-openjdk/jre/lib/amd64/server/libjvm.so
7faa1b3c8000-7faa1b43c000 r--p 0081a000 08:05 533848                     /usr/lib/jvm/java-6-openjdk/jre/lib/amd64/server/libjvm.so
7faa1b43c000-7faa1b456000 rw-p 0088e000 08:05 533848                     /usr/lib/jvm/java-6-openjdk/jre/lib/amd64/server/libjvm.so
7faa1b456000-7faa1b48f000 rw-p 00000000 00:00 0 
7faa1b48f000-7faa1b609000 r-xp 00000000 08:05 5967                       /lib/libc-2.11.1.so
7faa1b609000-7faa1b808000 ---p 0017a000 08:05 5967                       /lib/libc-2.11.1.so
7faa1b808000-7faa1b80c000 r--p 00179000 08:05 5967                       /lib/libc-2.11.1.so
7faa1b80c000-7faa1b80d000 rw-p 0017d000 08:05 5967                       /lib/libc-2.11.1.so
7faa1b80d000-7faa1b812000 rw-p 00000000 00:00 0 
7faa1b812000-7faa1b814000 r-xp 00000000 08:05 5972                       /lib/libdl-2.11.1.so
7faa1b814000-7faa1ba14000 ---p 00002000 08:05 5972                       /lib/libdl-2.11.1.so
7faa1ba14000-7faa1ba15000 r--p 00002000 08:05 5972                       /lib/libdl-2.11.1.so
7faa1ba15000-7faa1ba16000 rw-p 00003000 08:05 5972                       /lib/libdl-2.11.1.so
7faa1ba16000-7faa1ba1a000 r-xp 00000000 08:05 533846                     /usr/lib/jvm/java-6-openjdk/jre/lib/amd64/jli/libjli.so
7faa1ba1a000-7faa1bc19000 ---p 00004000 08:05 533846                     /usr/lib/jvm/java-6-openjdk/jre/lib/amd64/jli/libjli.so
7faa1bc19000-7faa1bc1a000 r--p 00003000 08:05 533846                     /usr/lib/jvm/java-6-openjdk/jre/lib/amd64/jli/libjli.so
7faa1bc1a000-7faa1bc1b000 rw-p 00004000 08:05 533846                     /usr/lib/jvm/java-6-openjdk/jre/lib/amd64/jli/libjli.so
7faa1bc1b000-7faa1bc33000 r-xp 00000000 08:05 5965                       /lib/libpthread-2.11.1.so
7faa1bc33000-7faa1be32000 ---p 00018000 08:05 5965                       /lib/libpthread-2.11.1.so
7faa1be32000-7faa1be33000 r--p 00017000 08:05 5965                       /lib/libpthread-2.11.1.so
7faa1be33000-7faa1be34000 rw-p 00018000 08:05 5965                       /lib/libpthread-2.11.1.so
7faa1be34000-7faa1be38000 rw-p 00000000 00:00 0 
7faa1be38000-7faa1be4e000 r-xp 00000000 08:05 540                        /lib/libz.so.1.2.3.3
7faa1be4e000-7faa1c04d000 ---p 00016000 08:05 540                        /lib/libz.so.1.2.3.3
7faa1c04d000-7faa1c04e000 r--p 00015000 08:05 540                        /lib/libz.so.1.2.3.3
7faa1c04e000-7faa1c04f000 rw-p 00016000 08:05 540                        /lib/libz.so.1.2.3.3
7faa1c04f000-7faa1c06f000 r-xp 00000000 08:05 738                        /lib/ld-2.11.1.so
7faa1c06f000-7faa1c070000 r--s 00015000 08:05 1457440                    /home/sebastian/play-1.0.3.2/framework/lib/play-SimpleCaptcha.jar
7faa1c070000-7faa1c078000 r--s 00056000 08:05 1712266                    /home/sebastian/ese2010-team5/qa/lib/parboiled4j-0.9.9.0.jar
7faa1c078000-7faa1c079000 rw-p 00000000 00:00 0 
7faa1c079000-7faa1c07d000 r--s 0007c000 08:05 266699                     /usr/lib/jvm/java-6-openjdk/jre/lib/jsse.jar
7faa1c07d000-7faa1c084000 r--s 00079000 08:05 1457446                    /home/sebastian/play-1.0.3.2/framework/play.jar
7faa1c084000-7faa1c08d000 r--s 00065000 08:05 17043                      /usr/share/java/gnome-java-bridge.jar
7faa1c08d000-7faa1c0c3000 rw-p 00000000 00:00 0 
7faa1c0c3000-7faa1c109000 rw-p 00000000 00:00 0 
7faa1c109000-7faa1c148000 r--p 00000000 08:05 524346                     /usr/lib/locale/en_US.utf8/LC_CTYPE
7faa1c148000-7faa1c14b000 ---p 00000000 00:00 0 
7faa1c14b000-7faa1c24e000 rw-p 00000000 00:00 0 
7faa1c24e000-7faa1c251000 r--s 0000f000 08:05 266112                     /usr/lib/jvm/java-6-openjdk/jre/lib/ext/pulse-java.jar
7faa1c251000-7faa1c259000 rw-s 00000000 08:05 1059987                    /tmp/hsperfdata_sebastian/7058
7faa1c259000-7faa1c25a000 r--p 00000000 08:05 536916                     /usr/lib/locale/en_US.utf8/LC_NUMERIC
7faa1c25a000-7faa1c25b000 r--p 00000000 08:05 526507                     /usr/lib/locale/en_US.utf8/LC_TIME
7faa1c25b000-7faa1c25c000 r--p 00000000 08:05 526508                     /usr/lib/locale/en_US.utf8/LC_MONETARY
7faa1c25c000-7faa1c25d000 r--p 00000000 08:05 526677                     /usr/lib/locale/en_US.utf8/LC_MESSAGES/SYS_LC_MESSAGES
7faa1c25d000-7faa1c25e000 r--p 00000000 08:05 536922                     /usr/lib/locale/en_US.utf8/LC_PAPER
7faa1c25e000-7faa1c25f000 r--p 00000000 08:05 536923                     /usr/lib/locale/en_US.utf8/LC_NAME
7faa1c25f000-7faa1c260000 r--p 00000000 08:05 526764                     /usr/lib/locale/en_US.utf8/LC_ADDRESS
7faa1c260000-7faa1c261000 r--p 00000000 08:05 526765                     /usr/lib/locale/en_US.utf8/LC_TELEPHONE
7faa1c261000-7faa1c262000 r--p 00000000 08:05 536926                     /usr/lib/locale/en_US.utf8/LC_MEASUREMENT
7faa1c262000-7faa1c269000 r--s 00000000 08:05 264593                     /usr/lib/gconv/gconv-modules.cache
7faa1c269000-7faa1c26a000 r--p 00000000 08:05 526766                     /usr/lib/locale/en_US.utf8/LC_IDENTIFICATION
7faa1c26a000-7faa1c26b000 rw-p 00000000 00:00 0 
7faa1c26b000-7faa1c26c000 r--p 00000000 00:00 0 
7faa1c26c000-7faa1c26e000 rw-p 00000000 00:00 0 
7faa1c26e000-7faa1c26f000 r--p 0001f000 08:05 738                        /lib/ld-2.11.1.so
7faa1c26f000-7faa1c270000 rw-p 00020000 08:05 738                        /lib/ld-2.11.1.so
7faa1c270000-7faa1c271000 rw-p 00000000 00:00 0 
7fffa1de8000-7fffa1dfe000 rw-p 00000000 00:00 0                          [stack]
7fffa1dff000-7fffa1e00000 r-xp 00000000 00:00 0                          [vdso]
ffffffffff600000-ffffffffff601000 r-xp 00000000 00:00 0                  [vsyscall]

VM Arguments:
jvm_args: -javaagent:/home/sebastian/play-1.0.3.2/framework/play.jar -Dplay.debug=yes -Xrunjdwp:transport=dt_socket,address=8000,server=y,suspend=n -Xdebug -Dapplication.path=/home/sebastian/ese2010-team5/qa -Dplay.id= 
java_command: play.server.Server
Launcher Type: SUN_STANDARD

Environment Variables:
PATH=/usr/local/sbin:/usr/local/bin:/usr/sbin:/usr/bin:/sbin:/bin:/usr/games:
USERNAME=sebastian
LD_LIBRARY_PATH=/usr/lib/jvm/java-6-openjdk/jre/lib/amd64/server:/usr/lib/jvm/java-6-openjdk/jre/lib/amd64:/usr/lib/jvm/java-6-openjdk/jre/../lib/amd64
SHELL=/bin/bash
DISPLAY=:0.0

Signal Handlers:
SIGSEGV: [libjvm.so+0x6c2030], sa_mask[0]=0x7ffbfeff, sa_flags=0x10000004
SIGBUS: [libjvm.so+0x6c2030], sa_mask[0]=0x7ffbfeff, sa_flags=0x10000004
SIGFPE: [libjvm.so+0x58ca90], sa_mask[0]=0x7ffbfeff, sa_flags=0x10000004
SIGPIPE: [libjvm.so+0x58ca90], sa_mask[0]=0x7ffbfeff, sa_flags=0x10000004
SIGXFSZ: [libjvm.so+0x58ca90], sa_mask[0]=0x7ffbfeff, sa_flags=0x10000004
SIGILL: [libjvm.so+0x58ca90], sa_mask[0]=0x7ffbfeff, sa_flags=0x10000004
SIGUSR1: SIG_DFL, sa_mask[0]=0x00000000, sa_flags=0x00000000
SIGUSR2: [libjvm.so+0x58c1e0], sa_mask[0]=0x00000000, sa_flags=0x10000004
SIGHUP: [libjvm.so+0x58e8d0], sa_mask[0]=0x7ffbfeff, sa_flags=0x10000004
SIGINT: [libjvm.so+0x58e8d0], sa_mask[0]=0x7ffbfeff, sa_flags=0x10000004
SIGTERM: [libjvm.so+0x58e8d0], sa_mask[0]=0x7ffbfeff, sa_flags=0x10000004
SIGQUIT: [libjvm.so+0x58e8d0], sa_mask[0]=0x7ffbfeff, sa_flags=0x10000004


---------------  S Y S T E M  ---------------

OS:Ubuntu 10.04 (lucid)
uname:Linux 2.6.32-25-generic #45-Ubuntu SMP Sat Oct 16 19:52:42 UTC 2010 x86_64
libc:glibc 2.11.1 NPTL 2.11.1 
rlimit: STACK 8192k, CORE 0k, NPROC infinity, NOFILE 1024, AS infinity
load average:0.46 0.54 0.54

CPU:total 2 (2 cores per cpu, 1 threads per core) family 6 model 23 stepping 10, cmov, cx8, fxsr, mmx, sse, sse2, sse3, ssse3, sse4.1

Memory: 4k page, physical 3952156k(510096k free), swap 8217208k(8217208k free)

vm_info: OpenJDK 64-Bit Server VM (16.0-b13) for linux-amd64 JRE (1.6.0_18-b18), built on Oct 25 2010 18:07:10 by "buildd" with gcc 4.4.3

time: Wed Nov 17 00:51:30 2010
elapsed time: 1235 seconds

